<?xml version="1.0" encoding="UTF-8"?>
<!-- Generated by org.testng.reporters.JUnitReportReporter -->
<testsuite hostname="URSVCORL5CD8" failures="0" tests="4" name="APITest" time="8.722" errors="0" timestamp="2021-11-09T16:32:11 CST" skipped="0">
  <testcase classname="APITest" name="testCase3" time="0.448"/>
  <system-out/>
  <testcase classname="APITest" name="testCase4" time="3.446"/>
  <system-out/>
  <testcase classname="APITest" name="testCase1" time="4.558"/>
  <system-out/>
  <testcase classname="APITest" name="testCase2" time="0.270"/>
  <system-out/>
</testsuite> <!-- APITest -->
